{"level":"info","message":"server has started on port: 5000","timestamp":"2022-05-28T11:47:55.068Z"}
{"level":"info","message":"server has started on port: 5000","timestamp":"2022-05-28T11:51:34.371Z"}
{"level":"info","message":"server has started on port: 5000","timestamp":"2022-05-28T11:53:25.550Z"}
{"level":"info","message":"server has started on port: 5000","timestamp":"2022-05-28T11:59:25.796Z"}
{"level":"info","message":"server has started on port: 5000","timestamp":"2022-05-28T12:00:58.535Z"}
{"level":"error","message":" {\n  _id: new ObjectId(\"629206c977010640a5044075\"),\n  name: 'jhapiyush',\n  email: 'pjtajk@gmail.com',\n  password: '$2a$10$Fjq00KeeOa5rIfyIHYNf7e4z32bV29HOHSFdkIA2WzfFLEuXCj4fu',\n  pic: 'https://icon-library.com/images/anonymous-avatar-icon/anonymous-avatar-icon-25.jpg',\n  createdAt: 2022-05-28T11:26:01.084Z,\n  updatedAt: 2022-05-28T11:26:01.084Z,\n  __v: 0\n} has typed invalid email or password","timestamp":"2022-05-28T12:01:02.941Z"}
{"level":"error","message":" {\n  _id: new ObjectId(\"629206c977010640a5044075\"),\n  name: 'jhapiyush',\n  email: 'pjtajk@gmail.com',\n  password: '$2a$10$Fjq00KeeOa5rIfyIHYNf7e4z32bV29HOHSFdkIA2WzfFLEuXCj4fu',\n  pic: 'https://icon-library.com/images/anonymous-avatar-icon/anonymous-avatar-icon-25.jpg',\n  createdAt: 2022-05-28T11:26:01.084Z,\n  updatedAt: 2022-05-28T11:26:01.084Z,\n  __v: 0\n} has typed invalid email or password","timestamp":"2022-05-28T12:01:10.050Z"}
{"level":"error","message":" {\n  _id: new ObjectId(\"628afcab93f60ca377bf6602\"),\n  name: 'krish',\n  email: 'krish@gmail.com',\n  password: '$2a$10$lDg7ulicA7VY2yeTt/gJB.a7fJAElrUkHZwT2XgaLYa5xUWH.7A6O',\n  pic: 'https://icon-library.com/images/anonymous-avatar-icon/anonymous-avatar-icon-25.jpg',\n  createdAt: 2022-05-23T03:16:59.418Z,\n  updatedAt: 2022-05-23T03:16:59.418Z,\n  __v: 0\n} has typed invalid email or password","timestamp":"2022-05-28T12:01:35.790Z"}
{"level":"info","message":"server has started on port: 5000","timestamp":"2022-05-28T12:37:49.819Z"}
{"level":"info","message":"server has started on port: 5000","timestamp":"2022-05-28T12:38:06.746Z"}
{"level":"info","message":"server has started on port: 5000","timestamp":"2022-05-28T12:39:40.775Z"}
{"level":"info","message":"server has started on port: 5000","timestamp":"2022-05-28T12:41:23.144Z"}
{"level":"error","message":" {\n  _id: new ObjectId(\"628afcab93f60ca377bf6602\"),\n  name: 'krish',\n  email: 'krish@gmail.com',\n  password: '$2a$10$lDg7ulicA7VY2yeTt/gJB.a7fJAElrUkHZwT2XgaLYa5xUWH.7A6O',\n  pic: 'https://icon-library.com/images/anonymous-avatar-icon/anonymous-avatar-icon-25.jpg',\n  createdAt: 2022-05-23T03:16:59.418Z,\n  updatedAt: 2022-05-23T03:16:59.418Z,\n  __v: 0\n} has typed invalid email or password","timestamp":"2022-05-28T13:28:47.446Z"}
{"level":"info","message":"server has started on port: 5000","timestamp":"2022-05-28T13:29:20.160Z"}
{"level":"error","message":" {\n  _id: new ObjectId(\"628afcab93f60ca377bf6602\"),\n  name: 'krish',\n  email: 'krish@gmail.com',\n  password: '$2a$10$lDg7ulicA7VY2yeTt/gJB.a7fJAElrUkHZwT2XgaLYa5xUWH.7A6O',\n  pic: 'https://icon-library.com/images/anonymous-avatar-icon/anonymous-avatar-icon-25.jpg',\n  createdAt: 2022-05-23T03:16:59.418Z,\n  updatedAt: 2022-05-23T03:16:59.418Z,\n  __v: 0\n} has typed invalid email or password","timestamp":"2022-05-28T13:29:23.938Z"}
{"level":"error","message":" {\n  _id: new ObjectId(\"628afcab93f60ca377bf6602\"),\n  name: 'krish',\n  email: 'krish@gmail.com',\n  password: '$2a$10$lDg7ulicA7VY2yeTt/gJB.a7fJAElrUkHZwT2XgaLYa5xUWH.7A6O',\n  pic: 'https://icon-library.com/images/anonymous-avatar-icon/anonymous-avatar-icon-25.jpg',\n  createdAt: 2022-05-23T03:16:59.418Z,\n  updatedAt: 2022-05-23T03:16:59.418Z,\n  __v: 0\n} has typed invalid email or password","timestamp":"2022-05-28T13:29:23.938Z"}
{"level":"error","message":" {\n  _id: new ObjectId(\"628afcab93f60ca377bf6602\"),\n  name: 'krish',\n  email: 'krish@gmail.com',\n  password: '$2a$10$lDg7ulicA7VY2yeTt/gJB.a7fJAElrUkHZwT2XgaLYa5xUWH.7A6O',\n  pic: 'https://icon-library.com/images/anonymous-avatar-icon/anonymous-avatar-icon-25.jpg',\n  createdAt: 2022-05-23T03:16:59.418Z,\n  updatedAt: 2022-05-23T03:16:59.418Z,\n  __v: 0\n} has typed invalid email or password","timestamp":"2022-05-28T13:29:23.939Z"}
{"level":"info","message":"server has started on port: 5000","timestamp":"2022-05-28T13:31:19.725Z"}
{"level":"info","message":"server has started on port: 5000","timestamp":"2022-05-28T13:31:44.339Z"}
{"level":"error","message":" {\n  _id: new ObjectId(\"628afcab93f60ca377bf6602\"),\n  name: 'krish',\n  email: 'krish@gmail.com',\n  password: '$2a$10$lDg7ulicA7VY2yeTt/gJB.a7fJAElrUkHZwT2XgaLYa5xUWH.7A6O',\n  pic: 'https://icon-library.com/images/anonymous-avatar-icon/anonymous-avatar-icon-25.jpg',\n  createdAt: 2022-05-23T03:16:59.418Z,\n  updatedAt: 2022-05-23T03:16:59.418Z,\n  __v: 0\n} has typed invalid email or password","timestamp":"2022-05-28T13:31:47.070Z"}
{"level":"error","message":" {\n  _id: new ObjectId(\"628afcab93f60ca377bf6602\"),\n  name: 'krish',\n  email: 'krish@gmail.com',\n  password: '$2a$10$lDg7ulicA7VY2yeTt/gJB.a7fJAElrUkHZwT2XgaLYa5xUWH.7A6O',\n  pic: 'https://icon-library.com/images/anonymous-avatar-icon/anonymous-avatar-icon-25.jpg',\n  createdAt: 2022-05-23T03:16:59.418Z,\n  updatedAt: 2022-05-23T03:16:59.418Z,\n  __v: 0\n} has typed invalid email or password","timestamp":"2022-05-28T13:31:47.070Z"}
{"level":"error","message":" {\n  _id: new ObjectId(\"628afcab93f60ca377bf6602\"),\n  name: 'krish',\n  email: 'krish@gmail.com',\n  password: '$2a$10$lDg7ulicA7VY2yeTt/gJB.a7fJAElrUkHZwT2XgaLYa5xUWH.7A6O',\n  pic: 'https://icon-library.com/images/anonymous-avatar-icon/anonymous-avatar-icon-25.jpg',\n  createdAt: 2022-05-23T03:16:59.418Z,\n  updatedAt: 2022-05-23T03:16:59.418Z,\n  __v: 0\n} has typed invalid email or password","timestamp":"2022-05-28T13:31:47.070Z"}
{"level":"info","message":"server has started on port: 5000","timestamp":"2022-05-28T13:32:29.514Z"}
{"level":"info","message":" {\n  _id: new ObjectId(\"628afcab93f60ca377bf6602\"),\n  name: 'krish',\n  email: 'krish@gmail.com',\n  password: '$2a$10$lDg7ulicA7VY2yeTt/gJB.a7fJAElrUkHZwT2XgaLYa5xUWH.7A6O',\n  pic: 'https://icon-library.com/images/anonymous-avatar-icon/anonymous-avatar-icon-25.jpg',\n  createdAt: 2022-05-23T03:16:59.418Z,\n  updatedAt: 2022-05-23T03:16:59.418Z,\n  __v: 0\n} has typed invalid email or password","timestamp":"2022-05-28T13:32:32.268Z"}
{"level":"info","message":" {\n  _id: new ObjectId(\"628afcab93f60ca377bf6602\"),\n  name: 'krish',\n  email: 'krish@gmail.com',\n  password: '$2a$10$lDg7ulicA7VY2yeTt/gJB.a7fJAElrUkHZwT2XgaLYa5xUWH.7A6O',\n  pic: 'https://icon-library.com/images/anonymous-avatar-icon/anonymous-avatar-icon-25.jpg',\n  createdAt: 2022-05-23T03:16:59.418Z,\n  updatedAt: 2022-05-23T03:16:59.418Z,\n  __v: 0\n} has successfully logged in ","timestamp":"2022-05-28T13:33:17.228Z"}
{"level":"info","message":"server has started on port: 5000","timestamp":"2022-05-28T13:35:08.967Z"}
{"level":"info","message":" {\n  _id: new ObjectId(\"628afcab93f60ca377bf6602\"),\n  name: 'krish',\n  email: 'krish@gmail.com',\n  password: '$2a$10$lDg7ulicA7VY2yeTt/gJB.a7fJAElrUkHZwT2XgaLYa5xUWH.7A6O',\n  pic: 'https://icon-library.com/images/anonymous-avatar-icon/anonymous-avatar-icon-25.jpg',\n  createdAt: 2022-05-23T03:16:59.418Z,\n  updatedAt: 2022-05-23T03:16:59.418Z,\n  __v: 0\n} has successfully logged in ","timestamp":"2022-05-28T13:35:12.934Z"}
{"level":"info","message":"server has started on port: 5000","timestamp":"2022-05-28T13:35:34.051Z"}
{"level":"info","message":"server has started on port: 5000","timestamp":"2022-05-28T13:35:54.664Z"}
{"level":"info","message":"server has started on port: 5000","timestamp":"2022-05-28T13:37:22.008Z"}
{"level":"info","message":"server has started on port: 5000","timestamp":"2022-05-28T13:39:10.199Z"}
{"level":"info","message":" {\n  _id: new ObjectId(\"628afcab93f60ca377bf6602\"),\n  name: 'krish',\n  email: 'krish@gmail.com',\n  password: '$2a$10$lDg7ulicA7VY2yeTt/gJB.a7fJAElrUkHZwT2XgaLYa5xUWH.7A6O',\n  pic: 'https://icon-library.com/images/anonymous-avatar-icon/anonymous-avatar-icon-25.jpg',\n  createdAt: 2022-05-23T03:16:59.418Z,\n  updatedAt: 2022-05-23T03:16:59.418Z,\n  __v: 0\n} has successfully logged in ","timestamp":"2022-05-28T13:39:15.741Z"}
{"level":"info","message":"server has started on port: 5000","timestamp":"2022-05-28T13:40:58.590Z"}
{"level":"info","message":"server has started on port: 5000","timestamp":"2022-05-28T13:42:07.591Z"}
{"level":"info","message":"server has started on port: 5000","timestamp":"2022-05-28T13:45:00.336Z"}
{"level":"info","message":"server has started on port: 5000","timestamp":"2022-05-28T13:46:09.662Z"}
{"level":"info","message":"server has started on port: 5000","timestamp":"2022-05-28T13:46:40.176Z"}
{"level":"info","message":"server has started on port: 5000","timestamp":"2022-05-28T13:47:54.934Z"}
{"level":"warn","message":" entered invalid data format with respect to fields","timestamp":"2022-05-28T13:47:58.890Z"}
{"level":"warn","message":" entered invalid data format with respect to fields","timestamp":"2022-05-28T13:47:58.891Z"}
{"level":"info","message":"server has started on port: 5000","timestamp":"2022-05-28T15:40:45.752Z"}
{"level":"info","message":" null has typed invalid email or password","timestamp":"2022-05-28T15:41:17.501Z"}
{"level":"info","message":" null has typed invalid email or password","timestamp":"2022-05-28T15:41:19.060Z"}
{"level":"info","message":" null has typed invalid email or password","timestamp":"2022-05-28T15:41:25.280Z"}
{"level":"info","message":" null has typed invalid email or password","timestamp":"2022-05-28T15:41:26.278Z"}
{"level":"info","message":" null has typed invalid email or password","timestamp":"2022-05-28T15:41:27.286Z"}
{"level":"info","message":"server has started on port: 5000","timestamp":"2022-05-28T15:42:02.598Z"}
{"level":"info","message":" null has typed invalid email or password","timestamp":"2022-05-28T15:42:31.846Z"}
{"level":"info","message":" null has typed invalid email or password","timestamp":"2022-05-28T15:42:32.751Z"}
{"level":"info","message":" null has typed invalid email or password","timestamp":"2022-05-28T15:42:35.105Z"}
{"level":"info","message":" null has typed invalid email or password","timestamp":"2022-05-28T15:42:35.960Z"}
{"level":"info","message":" null has typed invalid email or password","timestamp":"2022-05-28T15:42:36.080Z"}
{"level":"info","message":" null has typed invalid email or password","timestamp":"2022-05-28T15:42:36.221Z"}
{"level":"info","message":" null has typed invalid email or password","timestamp":"2022-05-28T15:42:36.696Z"}
{"level":"info","message":" null has typed invalid email or password","timestamp":"2022-05-28T15:42:36.848Z"}
{"level":"info","message":" {\n  _id: new ObjectId(\"628afcab93f60ca377bf6602\"),\n  name: 'krish',\n  email: 'krish@gmail.com',\n  password: '$2a$10$lDg7ulicA7VY2yeTt/gJB.a7fJAElrUkHZwT2XgaLYa5xUWH.7A6O',\n  pic: 'https://icon-library.com/images/anonymous-avatar-icon/anonymous-avatar-icon-25.jpg',\n  createdAt: 2022-05-23T03:16:59.418Z,\n  updatedAt: 2022-05-23T03:16:59.418Z,\n  __v: 0\n} has successfully logged in ","timestamp":"2022-05-28T15:43:09.443Z"}
{"level":"info","message":" null has typed invalid email or password","timestamp":"2022-05-28T15:43:14.814Z"}
{"level":"info","message":" null has typed invalid email or password","timestamp":"2022-05-28T15:46:14.356Z"}
{"level":"info","message":" null has typed invalid email or password","timestamp":"2022-05-28T15:46:17.028Z"}
{"level":"info","message":" null has typed invalid email or password","timestamp":"2022-05-28T15:46:17.859Z"}
{"level":"info","message":" null has typed invalid email or password","timestamp":"2022-05-28T15:46:23.824Z"}
{"level":"info","message":" null has typed invalid email or password","timestamp":"2022-05-28T15:46:30.104Z"}
{"level":"info","message":" null has typed invalid email or password","timestamp":"2022-05-28T15:46:30.632Z"}
{"level":"info","message":" null has typed invalid email or password","timestamp":"2022-05-28T15:46:30.813Z"}
{"level":"info","message":" null has typed invalid email or password","timestamp":"2022-05-28T15:46:30.993Z"}
{"level":"info","message":" null has typed invalid email or password","timestamp":"2022-05-28T15:46:31.177Z"}
{"level":"info","message":" null has typed invalid email or password","timestamp":"2022-05-28T15:46:31.359Z"}
{"level":"info","message":" null has typed invalid email or password","timestamp":"2022-05-28T15:46:31.513Z"}
{"level":"info","message":" null has typed invalid email or password","timestamp":"2022-05-28T15:48:05.087Z"}
{"level":"info","message":" null has typed invalid email or password","timestamp":"2022-05-28T15:48:13.609Z"}
{"level":"info","message":" null has typed invalid email or password","timestamp":"2022-05-28T15:48:24.395Z"}
{"level":"info","message":"server has started on port: 5000","timestamp":"2022-05-28T15:48:49.150Z"}
{"level":"info","message":" {\n  _id: new ObjectId(\"628afcab93f60ca377bf6602\"),\n  name: 'krish',\n  email: 'krish@gmail.com',\n  password: '$2a$10$lDg7ulicA7VY2yeTt/gJB.a7fJAElrUkHZwT2XgaLYa5xUWH.7A6O',\n  pic: 'https://icon-library.com/images/anonymous-avatar-icon/anonymous-avatar-icon-25.jpg',\n  createdAt: 2022-05-23T03:16:59.418Z,\n  updatedAt: 2022-05-23T03:16:59.418Z,\n  __v: 0\n} has successfully logged in ","timestamp":"2022-05-28T15:49:09.072Z"}
{"level":"info","message":" null has typed invalid email or password","timestamp":"2022-05-28T15:49:16.079Z"}
{"level":"info","message":" {\n  _id: new ObjectId(\"628afcab93f60ca377bf6602\"),\n  name: 'krish',\n  email: 'krish@gmail.com',\n  password: '$2a$10$lDg7ulicA7VY2yeTt/gJB.a7fJAElrUkHZwT2XgaLYa5xUWH.7A6O',\n  pic: 'https://icon-library.com/images/anonymous-avatar-icon/anonymous-avatar-icon-25.jpg',\n  createdAt: 2022-05-23T03:16:59.418Z,\n  updatedAt: 2022-05-23T03:16:59.418Z,\n  __v: 0\n} has successfully logged in ","timestamp":"2022-05-28T15:49:35.558Z"}
{"level":"info","message":" {\n  _id: new ObjectId(\"628afcab93f60ca377bf6602\"),\n  name: 'krish',\n  email: 'krish@gmail.com',\n  password: '$2a$10$lDg7ulicA7VY2yeTt/gJB.a7fJAElrUkHZwT2XgaLYa5xUWH.7A6O',\n  pic: 'https://icon-library.com/images/anonymous-avatar-icon/anonymous-avatar-icon-25.jpg',\n  createdAt: 2022-05-23T03:16:59.418Z,\n  updatedAt: 2022-05-23T03:16:59.418Z,\n  __v: 0\n} has successfully logged in ","timestamp":"2022-05-28T15:49:39.292Z"}
{"level":"info","message":" null has typed invalid email or password","timestamp":"2022-05-28T15:49:44.536Z"}
{"level":"info","message":" null has typed invalid email or password","timestamp":"2022-05-28T15:49:45.460Z"}
{"level":"info","message":" null has typed invalid email or password","timestamp":"2022-05-28T15:49:45.679Z"}
{"level":"info","message":" null has typed invalid email or password","timestamp":"2022-05-28T15:50:01.652Z"}
{"level":"info","message":" {\n  name: 'guest',\n  email: 'guest@gmail.com',\n  password: '$2a$10$8v.PkMx1SBZsmoecUzcjKeC7D7c7gSZDV2i4R0vQ0g7t0eIJnJgJu',\n  pic: 'https://icon-library.com/images/anonymous-avatar-icon/anonymous-avatar-icon-25.jpg',\n  _id: new ObjectId(\"629244cbaf0615b44fd46c37\"),\n  createdAt: 2022-05-28T15:50:35.254Z,\n  updatedAt: 2022-05-28T15:50:35.254Z,\n  __v: 0\n} has created a new account Successfully","timestamp":"2022-05-28T15:50:35.378Z"}
{"level":"info","message":" {\n  _id: new ObjectId(\"629244cbaf0615b44fd46c37\"),\n  name: 'guest',\n  email: 'guest@gmail.com',\n  password: '$2a$10$8v.PkMx1SBZsmoecUzcjKeC7D7c7gSZDV2i4R0vQ0g7t0eIJnJgJu',\n  pic: 'https://icon-library.com/images/anonymous-avatar-icon/anonymous-avatar-icon-25.jpg',\n  createdAt: 2022-05-28T15:50:35.254Z,\n  updatedAt: 2022-05-28T15:50:35.254Z,\n  __v: 0\n} has successfully logged in ","timestamp":"2022-05-28T15:50:50.416Z"}
{"level":"info","message":" null has typed invalid email or password","timestamp":"2022-05-28T15:50:55.925Z"}
{"level":"info","message":" null has typed invalid email or password","timestamp":"2022-05-28T15:50:56.729Z"}
{"level":"info","message":" {\n  _id: new ObjectId(\"628a36ee5320ad45cfbcbb84\"),\n  name: 'test',\n  email: 'test@gmail.com',\n  password: '$2a$10$hbKVoeMkyhW72p2wuibJLOAoX3xyqCq9uDKe99peYYsClU5GRAJ0K',\n  pic: 'https://icon-library.com/images/anonymous-avatar-icon/anonymous-avatar-icon-25.jpg',\n  createdAt: 2022-05-22T13:13:18.891Z,\n  updatedAt: 2022-05-22T13:13:18.891Z,\n  __v: 0\n} has successfully logged in ","timestamp":"2022-05-28T15:51:01.180Z"}
{"level":"info","message":" null has typed invalid email or password","timestamp":"2022-05-28T15:51:04.528Z"}
{"level":"info","message":" null has typed invalid email or password","timestamp":"2022-05-28T15:51:05.488Z"}
{"level":"info","message":" null has typed invalid email or password","timestamp":"2022-05-28T15:51:05.648Z"}
{"level":"info","message":" null has typed invalid email or password","timestamp":"2022-05-28T15:51:05.814Z"}
{"level":"info","message":" null has typed invalid email or password","timestamp":"2022-05-28T15:51:13.985Z"}
{"level":"info","message":" null has typed invalid email or password","timestamp":"2022-05-28T15:51:14.474Z"}
{"level":"info","message":" null has typed invalid email or password","timestamp":"2022-05-28T15:51:14.666Z"}
{"level":"info","message":" null has typed invalid email or password","timestamp":"2022-05-28T15:51:14.858Z"}
{"level":"info","message":" null has typed invalid email or password","timestamp":"2022-05-28T15:51:15.029Z"}
{"level":"info","message":" null has typed invalid email or password","timestamp":"2022-05-28T15:51:31.992Z"}
{"level":"info","message":" null has typed invalid email or password","timestamp":"2022-05-28T15:51:33.746Z"}
{"level":"info","message":" {\n  name: 'Example',\n  email: 'guest@example.com',\n  password: '$2a$10$BhJlpVuMNV8nwl4Dte0tGeVk9hOb/Taq8A9cBulq0qP9rv6s9w0km',\n  pic: 'https://icon-library.com/images/anonymous-avatar-icon/anonymous-avatar-icon-25.jpg',\n  _id: new ObjectId(\"62924517af0615b44fd46c49\"),\n  createdAt: 2022-05-28T15:51:51.029Z,\n  updatedAt: 2022-05-28T15:51:51.029Z,\n  __v: 0\n} has created a new account Successfully","timestamp":"2022-05-28T15:51:51.152Z"}
{"level":"info","message":" {\n  _id: new ObjectId(\"62924517af0615b44fd46c49\"),\n  name: 'Example',\n  email: 'guest@example.com',\n  password: '$2a$10$BhJlpVuMNV8nwl4Dte0tGeVk9hOb/Taq8A9cBulq0qP9rv6s9w0km',\n  pic: 'https://icon-library.com/images/anonymous-avatar-icon/anonymous-avatar-icon-25.jpg',\n  createdAt: 2022-05-28T15:51:51.029Z,\n  updatedAt: 2022-05-28T15:51:51.029Z,\n  __v: 0\n} has successfully logged in ","timestamp":"2022-05-28T15:52:10.039Z"}
{"level":"info","message":" {\n  _id: new ObjectId(\"62924517af0615b44fd46c49\"),\n  name: 'Example',\n  email: 'guest@example.com',\n  password: '$2a$10$BhJlpVuMNV8nwl4Dte0tGeVk9hOb/Taq8A9cBulq0qP9rv6s9w0km',\n  pic: 'https://icon-library.com/images/anonymous-avatar-icon/anonymous-avatar-icon-25.jpg',\n  createdAt: 2022-05-28T15:51:51.029Z,\n  updatedAt: 2022-05-28T15:51:51.029Z,\n  __v: 0\n} has successfully logged in ","timestamp":"2022-05-28T15:52:15.572Z"}
{"level":"info","message":" {\n  _id: new ObjectId(\"62924517af0615b44fd46c49\"),\n  name: 'Example',\n  email: 'guest@example.com',\n  password: '$2a$10$BhJlpVuMNV8nwl4Dte0tGeVk9hOb/Taq8A9cBulq0qP9rv6s9w0km',\n  pic: 'https://icon-library.com/images/anonymous-avatar-icon/anonymous-avatar-icon-25.jpg',\n  createdAt: 2022-05-28T15:51:51.029Z,\n  updatedAt: 2022-05-28T15:51:51.029Z,\n  __v: 0\n} has successfully logged in ","timestamp":"2022-05-28T15:52:19.338Z"}
{"level":"info","message":"server has started on port: 5000","timestamp":"2022-05-29T04:27:02.726Z"}
{"level":"info","message":"server has started on port: 5000","timestamp":"2022-05-29T04:27:23.336Z"}
{"level":"info","message":"server has started on port: 5000","timestamp":"2022-05-29T04:30:35.139Z"}
{"level":"info","message":"server has started on port: 5000","timestamp":"2022-05-29T04:31:40.270Z"}
{"level":"info","message":"server has started on port: 5000","timestamp":"2022-05-29T04:36:02.696Z"}
{"level":"info","message":"server has started on port: 5000","timestamp":"2022-05-29T04:39:11.985Z"}
{"level":"info","message":"server has started on port: 5000","timestamp":"2022-05-29T04:49:32.346Z"}
{"level":"info","message":"server has started on port: 5000","timestamp":"2022-05-29T04:51:21.139Z"}
{"level":"info","message":"server has started on port: 5000","timestamp":"2022-05-29T04:52:50.499Z"}
{"level":"info","message":" {\n  _id: new ObjectId(\"62924517af0615b44fd46c49\"),\n  name: 'Example',\n  email: 'guest@example.com',\n  password: '$2a$10$BhJlpVuMNV8nwl4Dte0tGeVk9hOb/Taq8A9cBulq0qP9rv6s9w0km',\n  pic: 'https://icon-library.com/images/anonymous-avatar-icon/anonymous-avatar-icon-25.jpg',\n  createdAt: 2022-05-28T15:51:51.029Z,\n  updatedAt: 2022-05-28T15:51:51.029Z,\n  __v: 0\n} has successfully logged in ","timestamp":"2022-05-29T04:53:32.671Z"}
{"level":"info","message":"server has started on port: 5000","timestamp":"2022-05-29T04:57:25.317Z"}
{"level":"info","message":"server has started on port: 5000","timestamp":"2022-05-29T04:58:38.255Z"}
{"level":"info","message":"server has started on port: 5000","timestamp":"2022-05-29T05:01:06.888Z"}
{"level":"info","message":" {\n  _id: new ObjectId(\"62924517af0615b44fd46c49\"),\n  name: 'Example',\n  email: 'guest@example.com',\n  password: '$2a$10$BhJlpVuMNV8nwl4Dte0tGeVk9hOb/Taq8A9cBulq0qP9rv6s9w0km',\n  pic: 'https://icon-library.com/images/anonymous-avatar-icon/anonymous-avatar-icon-25.jpg',\n  createdAt: 2022-05-28T15:51:51.029Z,\n  updatedAt: 2022-05-28T15:51:51.029Z,\n  __v: 0\n} has successfully logged in ","timestamp":"2022-05-29T05:01:22.543Z"}
{"level":"info","message":"server has started on port: 5000","timestamp":"2022-05-29T05:06:38.473Z"}
{"level":"info","message":"server has started on port: 5000","timestamp":"2022-05-29T05:07:37.636Z"}
{"level":"info","message":"server has started on port: 5000","timestamp":"2022-05-29T05:08:19.792Z"}
{"level":"info","message":"server has started on port: 5000","timestamp":"2022-05-29T05:08:45.070Z"}
{"level":"info","message":"server has started on port: 5000","timestamp":"2022-05-29T05:12:14.417Z"}
{"level":"info","message":"server has started on port: 5000","timestamp":"2022-05-29T05:13:00.278Z"}
{"level":"info","message":"server has started on port: 5000","timestamp":"2022-05-29T05:26:12.454Z"}
{"level":"info","message":"server has started on port: 5000","timestamp":"2022-05-29T05:46:04.982Z"}
{"level":"info","message":"server has started on port: 5000","timestamp":"2022-05-29T05:46:33.335Z"}
{"level":"info","message":"server has started on port: 5000","timestamp":"2022-05-29T05:53:28.328Z"}
{"level":"info","message":"server has started on port: 5000","timestamp":"2022-05-29T06:04:58.489Z"}
{"level":"info","message":"server has started on port: 5000","timestamp":"2022-05-29T06:05:13.779Z"}
{"level":"info","message":"server has started on port: 5000","timestamp":"2022-05-29T06:05:18.883Z"}
{"level":"info","message":"server has started on port: 5000","timestamp":"2022-05-29T06:06:16.590Z"}
{"level":"info","message":"server has started on port: 5000","timestamp":"2022-05-29T06:06:36.145Z"}
{"level":"info","message":"server has started on port: 5000","timestamp":"2022-05-29T06:06:47.536Z"}
{"level":"info","message":"server has started on port: 5000","timestamp":"2022-05-29T06:07:36.685Z"}
{"level":"info","message":"server has started on port: 5000","timestamp":"2022-05-29T06:08:33.649Z"}
{"level":"info","message":"server has started on port: 5000","timestamp":"2022-05-29T06:09:55.126Z"}
{"level":"info","message":"server has started on port: 5000","timestamp":"2022-05-29T06:10:38.216Z"}
{"level":"info","message":"server has started on port: 5000","timestamp":"2022-05-29T06:24:26.899Z"}
{"level":"info","message":"server has started on port: 5000","timestamp":"2022-05-29T06:26:12.786Z"}
{"level":"info","message":"server has started on port: 5000","timestamp":"2022-05-29T06:27:03.411Z"}
{"level":"info","message":"server has started on port: 5000","timestamp":"2022-05-29T06:27:11.450Z"}
{"level":"info","message":"server has started on port: 5000","timestamp":"2022-05-29T06:27:20.325Z"}
{"level":"info","message":"server has started on port: 5000","timestamp":"2022-05-29T06:27:50.126Z"}
{"level":"info","message":"server has started on port: 5000","timestamp":"2022-05-29T06:28:15.477Z"}
{"level":"info","message":"server has started on port: 5000","timestamp":"2022-05-29T06:28:25.516Z"}
{"level":"info","message":"server has started on port: 5000","timestamp":"2022-05-29T06:29:04.549Z"}
{"level":"info","message":"server has started on port: 5000","timestamp":"2022-05-29T06:31:45.336Z"}
{"level":"info","message":"server has started on port: 5000","timestamp":"2022-05-29T06:31:49.180Z"}
{"level":"info","message":"server has started on port: 5000","timestamp":"2022-05-29T06:32:00.552Z"}
{"level":"info","message":"server has started on port: 5000","timestamp":"2022-05-29T06:34:05.203Z"}
{"level":"info","message":"server has started on port: 5000","timestamp":"2022-05-29T06:34:16.152Z"}
{"level":"info","message":"server has started on port: 5000","timestamp":"2022-05-29T06:34:53.507Z"}
{"level":"info","message":"server has started on port: 5000","timestamp":"2022-05-29T06:35:09.667Z"}
{"level":"info","message":"server has started on port: 5000","timestamp":"2022-05-29T06:36:30.247Z"}
{"level":"info","message":"server has started on port: 5000","timestamp":"2022-05-29T06:36:39.786Z"}
{"level":"info","message":"server has started on port: 5000","timestamp":"2022-05-29T06:37:00.027Z"}
{"level":"info","message":"server has started on port: 5000","timestamp":"2022-05-29T06:37:35.768Z"}
{"level":"info","message":"server has started on port: 5000","timestamp":"2022-05-29T06:37:45.808Z"}
{"level":"info","message":"server has started on port: 5000","timestamp":"2022-05-30T03:36:46.361Z"}
{"level":"info","message":"server has started on port: 5000","timestamp":"2022-05-30T03:37:45.312Z"}
{"level":"info","message":"server has started on port: 5000","timestamp":"2022-05-30T03:44:11.933Z"}
{"level":"warn","message":" entered invalid data format with respect to fields","timestamp":"2022-05-30T03:44:38.670Z"}
{"level":"warn","message":" entered invalid data format with respect to fields","timestamp":"2022-05-30T03:44:38.670Z"}
{"level":"warn","message":" entered invalid data format with respect to fields","timestamp":"2022-05-30T03:44:59.119Z"}
{"level":"warn","message":" entered invalid data format with respect to fields","timestamp":"2022-05-30T03:44:59.119Z"}
{"level":"warn","message":" entered invalid data format with respect to fields","timestamp":"2022-05-30T03:45:00.053Z"}
{"level":"warn","message":" entered invalid data format with respect to fields","timestamp":"2022-05-30T03:45:00.053Z"}
{"level":"info","message":" {\n  _id: new ObjectId(\"628afcab93f60ca377bf6602\"),\n  name: 'krish',\n  email: 'krish@gmail.com',\n  password: '$2a$10$lDg7ulicA7VY2yeTt/gJB.a7fJAElrUkHZwT2XgaLYa5xUWH.7A6O',\n  pic: 'https://icon-library.com/images/anonymous-avatar-icon/anonymous-avatar-icon-25.jpg',\n  createdAt: 2022-05-23T03:16:59.418Z,\n  updatedAt: 2022-05-23T03:16:59.418Z,\n  __v: 0\n} has successfully logged in ","timestamp":"2022-05-30T03:45:07.301Z"}
{"level":"warn","message":" entered invalid data format with respect to fields","timestamp":"2022-05-30T03:45:15.880Z"}
{"level":"warn","message":" entered invalid data format with respect to fields","timestamp":"2022-05-30T03:45:15.881Z"}
{"level":"warn","message":" entered invalid data format with respect to fields","timestamp":"2022-05-30T03:45:24.602Z"}
{"level":"warn","message":" entered invalid data format with respect to fields","timestamp":"2022-05-30T03:45:24.602Z"}
{"level":"info","message":" {\n  _id: new ObjectId(\"628afcab93f60ca377bf6602\"),\n  name: 'krish',\n  email: 'krish@gmail.com',\n  password: '$2a$10$lDg7ulicA7VY2yeTt/gJB.a7fJAElrUkHZwT2XgaLYa5xUWH.7A6O',\n  pic: 'https://icon-library.com/images/anonymous-avatar-icon/anonymous-avatar-icon-25.jpg',\n  createdAt: 2022-05-23T03:16:59.418Z,\n  updatedAt: 2022-05-23T03:16:59.418Z,\n  __v: 0\n} has typed invalid email or password","timestamp":"2022-05-30T03:45:24.772Z"}
{"level":"info","message":" {\n  _id: new ObjectId(\"628afcab93f60ca377bf6602\"),\n  name: 'krish',\n  email: 'krish@gmail.com',\n  password: '$2a$10$lDg7ulicA7VY2yeTt/gJB.a7fJAElrUkHZwT2XgaLYa5xUWH.7A6O',\n  pic: 'https://icon-library.com/images/anonymous-avatar-icon/anonymous-avatar-icon-25.jpg',\n  createdAt: 2022-05-23T03:16:59.418Z,\n  updatedAt: 2022-05-23T03:16:59.418Z,\n  __v: 0\n} has typed invalid email or password","timestamp":"2022-05-30T03:45:36.865Z"}
{"level":"warn","message":" entered invalid data format with respect to fields","timestamp":"2022-05-30T03:49:30.200Z"}
{"level":"warn","message":" entered invalid data format with respect to fields","timestamp":"2022-05-30T03:49:30.200Z"}
{"level":"warn","message":" entered invalid data format with respect to fields","timestamp":"2022-05-30T03:49:42.002Z"}
{"level":"warn","message":" entered invalid data format with respect to fields","timestamp":"2022-05-30T03:49:42.002Z"}
{"level":"info","message":" {\n  _id: new ObjectId(\"628afcab93f60ca377bf6602\"),\n  name: 'krish',\n  email: 'krish@gmail.com',\n  password: '$2a$10$lDg7ulicA7VY2yeTt/gJB.a7fJAElrUkHZwT2XgaLYa5xUWH.7A6O',\n  pic: 'https://icon-library.com/images/anonymous-avatar-icon/anonymous-avatar-icon-25.jpg',\n  createdAt: 2022-05-23T03:16:59.418Z,\n  updatedAt: 2022-05-23T03:16:59.418Z,\n  __v: 0\n} has typed invalid email or password","timestamp":"2022-05-30T03:49:42.202Z"}
{"level":"info","message":" {\n  _id: new ObjectId(\"628afcab93f60ca377bf6602\"),\n  name: 'krish',\n  email: 'krish@gmail.com',\n  password: '$2a$10$lDg7ulicA7VY2yeTt/gJB.a7fJAElrUkHZwT2XgaLYa5xUWH.7A6O',\n  pic: 'https://icon-library.com/images/anonymous-avatar-icon/anonymous-avatar-icon-25.jpg',\n  createdAt: 2022-05-23T03:16:59.418Z,\n  updatedAt: 2022-05-23T03:16:59.418Z,\n  __v: 0\n} has successfully logged in ","timestamp":"2022-05-30T04:43:12.623Z"}
{"level":"info","message":"server has started on port: 5000","timestamp":"2022-05-30T05:16:37.112Z"}
{"level":"info","message":"server has started on port: 5000","timestamp":"2022-05-30T05:17:04.563Z"}
{"level":"info","message":"server has started on port: 5000","timestamp":"2022-05-30T05:17:53.162Z"}
{"level":"info","message":"server has started on port: 5000","timestamp":"2022-05-30T05:18:55.428Z"}
{"level":"info","message":"server has started on port: 5000","timestamp":"2022-05-30T05:19:41.519Z"}
{"level":"info","message":"server has started on port: 5000","timestamp":"2022-05-30T05:30:23.305Z"}
{"level":"info","message":"server has started on port: 5000","timestamp":"2022-05-30T05:30:41.622Z"}
{"level":"info","message":"server has started on port: 5000","timestamp":"2022-05-30T05:32:38.133Z"}
{"level":"info","message":"server has started on port: 5000","timestamp":"2022-05-30T05:32:50.329Z"}
{"level":"info","message":"server has started on port: 5000","timestamp":"2022-05-30T05:36:16.692Z"}
{"level":"info","message":"server has started on port: 5000","timestamp":"2022-05-30T05:36:34.921Z"}
{"level":"info","message":"server has started on port: 5000","timestamp":"2022-05-30T05:51:15.903Z"}
{"level":"info","message":"server has started on port: 5000","timestamp":"2022-05-30T11:43:47.356Z"}
{"level":"info","message":"server has started on port: 5000","timestamp":"2022-05-30T11:46:18.125Z"}
{"level":"info","message":"server has started on port: 5000","timestamp":"2022-05-30T11:47:17.517Z"}
{"level":"info","message":"server has started on port: 5000","timestamp":"2022-05-30T11:51:04.366Z"}
{"level":"info","message":"server has started on port: 5000","timestamp":"2022-05-30T11:53:19.012Z"}
{"level":"info","message":"server has started on port: 5000","timestamp":"2022-05-30T11:55:15.611Z"}
{"level":"info","message":"server has started on port: 5000","timestamp":"2022-05-30T11:55:44.570Z"}
{"level":"info","message":"server has started on port: 5000","timestamp":"2022-05-30T11:57:21.917Z"}
{"level":"info","message":"server has started on port: 5000","timestamp":"2022-05-30T11:59:17.672Z"}
{"level":"info","message":"server has started on port: 5000","timestamp":"2022-05-30T11:59:27.494Z"}
{"level":"info","message":"server has started on port: 5000","timestamp":"2022-05-30T11:59:29.107Z"}
{"level":"info","message":"server has started on port: 5000","timestamp":"2022-05-30T12:02:10.168Z"}
{"level":"info","message":" {\n  _id: new ObjectId(\"628afcab93f60ca377bf6602\"),\n  name: 'krish',\n  email: 'krish@gmail.com',\n  password: '$2a$10$lDg7ulicA7VY2yeTt/gJB.a7fJAElrUkHZwT2XgaLYa5xUWH.7A6O',\n  pic: 'https://icon-library.com/images/anonymous-avatar-icon/anonymous-avatar-icon-25.jpg',\n  createdAt: 2022-05-23T03:16:59.418Z,\n  updatedAt: 2022-05-23T03:16:59.418Z,\n  __v: 0\n} has typed invalid email or password","timestamp":"2022-05-30T12:03:09.623Z"}
{"level":"info","message":" {\n  _id: new ObjectId(\"628afcab93f60ca377bf6602\"),\n  name: 'krish',\n  email: 'krish@gmail.com',\n  password: '$2a$10$lDg7ulicA7VY2yeTt/gJB.a7fJAElrUkHZwT2XgaLYa5xUWH.7A6O',\n  pic: 'https://icon-library.com/images/anonymous-avatar-icon/anonymous-avatar-icon-25.jpg',\n  createdAt: 2022-05-23T03:16:59.418Z,\n  updatedAt: 2022-05-23T03:16:59.418Z,\n  __v: 0\n} has successfully logged in ","timestamp":"2022-05-30T12:03:22.420Z"}
{"level":"info","message":"server has started on port: 5000","timestamp":"2022-05-30T12:12:55.590Z"}
{"level":"info","message":"server has started on port: 5000","timestamp":"2022-05-30T12:13:30.977Z"}
{"level":"info","message":"server has started on port: 5000","timestamp":"2022-05-30T12:14:40.378Z"}
{"level":"info","message":"server has started on port: 5000","timestamp":"2022-05-30T12:17:33.437Z"}
{"level":"info","message":"server has started on port: 5000","timestamp":"2022-05-30T12:18:33.474Z"}
{"level":"info","message":"server has started on port: 5000","timestamp":"2022-05-30T12:24:02.209Z"}
{"level":"info","message":"server has started on port: 5000","timestamp":"2022-05-30T12:34:42.690Z"}
{"level":"info","message":"server has started on port: 5000","timestamp":"2022-05-30T12:38:18.074Z"}
{"level":"info","message":"server has started on port: 5000","timestamp":"2022-05-30T12:38:41.633Z"}
{"level":"info","message":"server has started on port: 5000","timestamp":"2022-05-30T12:41:46.785Z"}
{"level":"info","message":"server has started on port: 5000","timestamp":"2022-05-30T12:45:35.422Z"}
{"level":"info","message":"server has started on port: 5000","timestamp":"2022-05-30T12:47:02.394Z"}
{"level":"info","message":"server has started on port: 5000","timestamp":"2022-05-30T12:54:47.495Z"}
{"level":"info","message":"server has started on port: 5000","timestamp":"2022-05-30T13:01:00.062Z"}
{"level":"info","message":"server has started on port: 5000","timestamp":"2022-05-30T13:02:47.981Z"}
{"level":"info","message":"server has started on port: 5000","timestamp":"2022-05-30T13:05:06.315Z"}
{"level":"info","message":"server has started on port: 5000","timestamp":"2022-05-30T13:05:14.913Z"}
{"level":"info","message":"server has started on port: 5000","timestamp":"2022-05-30T13:11:12.109Z"}
{"level":"info","message":" {\n  _id: new ObjectId(\"628a36ee5320ad45cfbcbb84\"),\n  name: 'test',\n  email: 'test@gmail.com',\n  password: '$2a$10$hbKVoeMkyhW72p2wuibJLOAoX3xyqCq9uDKe99peYYsClU5GRAJ0K',\n  pic: 'https://icon-library.com/images/anonymous-avatar-icon/anonymous-avatar-icon-25.jpg',\n  createdAt: 2022-05-22T13:13:18.891Z,\n  updatedAt: 2022-05-22T13:13:18.891Z,\n  __v: 0\n} has successfully logged in ","timestamp":"2022-05-30T13:13:11.420Z"}
{"level":"info","message":"server has started on port: 5000","timestamp":"2022-05-30T13:26:18.090Z"}
{"level":"info","message":"server has started on port: 5000","timestamp":"2022-05-30T13:29:11.052Z"}
{"level":"info","message":"server has started on port: 5000","timestamp":"2022-05-30T13:32:59.551Z"}
{"level":"info","message":"server has started on port: 5000","timestamp":"2022-05-30T13:34:24.435Z"}
{"level":"info","message":"server has started on port: 5000","timestamp":"2022-05-30T13:37:19.744Z"}
{"level":"info","message":"server has started on port: 5000","timestamp":"2022-05-30T13:38:15.289Z"}
{"level":"info","message":"server has started on port: 5000","timestamp":"2022-05-30T13:38:35.841Z"}
{"level":"info","message":"server has started on port: 5000","timestamp":"2022-05-30T13:38:53.379Z"}
{"level":"info","message":"server has started on port: 5000","timestamp":"2022-05-30T13:42:03.361Z"}
{"level":"info","message":"server has started on port: 5000","timestamp":"2022-05-30T13:43:05.944Z"}
{"level":"info","message":"server has started on port: 5000","timestamp":"2022-05-30T13:44:02.540Z"}
{"level":"info","message":"server has started on port: 5000","timestamp":"2022-05-30T13:47:50.915Z"}
{"level":"info","message":"server has started on port: 5000","timestamp":"2022-05-30T13:48:34.799Z"}
{"level":"info","message":"server has started on port: 5000","timestamp":"2022-05-30T13:49:34.708Z"}
{"level":"info","message":"server has started on port: 5000","timestamp":"2022-05-30T13:51:18.825Z"}
{"level":"info","message":"server has started on port: 5000","timestamp":"2022-05-30T13:51:30.269Z"}
{"level":"info","message":"server has started on port: 5000","timestamp":"2022-05-30T13:56:15.273Z"}
{"level":"warn","message":" entered invalid data format with respect to fields","timestamp":"2022-05-30T13:56:47.054Z"}
{"level":"warn","message":" entered invalid data format with respect to fields","timestamp":"2022-05-30T13:56:47.054Z"}
{"level":"info","message":"server has started on port: 5000","timestamp":"2022-05-30T13:57:24.268Z"}
{"level":"info","message":"server has started on port: 5000","timestamp":"2022-05-30T13:58:05.851Z"}
{"level":"info","message":"server has started on port: 5000","timestamp":"2022-05-30T14:07:27.658Z"}
{"level":"info","message":"server has started on port: 5000","timestamp":"2022-05-30T14:08:44.715Z"}
{"level":"info","message":" {\n  _id: new ObjectId(\"628a36ee5320ad45cfbcbb84\"),\n  name: 'test',\n  email: 'test@gmail.com',\n  password: '$2a$10$hbKVoeMkyhW72p2wuibJLOAoX3xyqCq9uDKe99peYYsClU5GRAJ0K',\n  pic: 'https://icon-library.com/images/anonymous-avatar-icon/anonymous-avatar-icon-25.jpg',\n  createdAt: 2022-05-22T13:13:18.891Z,\n  updatedAt: 2022-05-22T13:13:18.891Z,\n  __v: 0\n} has successfully logged in ","timestamp":"2022-05-30T14:15:26.072Z"}
{"level":"info","message":" {\n  _id: new ObjectId(\"628a36ee5320ad45cfbcbb84\"),\n  name: 'test',\n  email: 'test@gmail.com',\n  password: '$2a$10$hbKVoeMkyhW72p2wuibJLOAoX3xyqCq9uDKe99peYYsClU5GRAJ0K',\n  pic: 'https://icon-library.com/images/anonymous-avatar-icon/anonymous-avatar-icon-25.jpg',\n  createdAt: 2022-05-22T13:13:18.891Z,\n  updatedAt: 2022-05-22T13:13:18.891Z,\n  __v: 0\n} has successfully logged in ","timestamp":"2022-05-30T14:15:40.388Z"}
{"level":"info","message":"server has started on port: 5000","timestamp":"2022-05-30T14:26:27.589Z"}
{"level":"info","message":"server has started on port: 5000","timestamp":"2022-05-30T14:36:51.865Z"}
{"level":"info","message":"server has started on port: 5000","timestamp":"2022-05-30T14:38:32.528Z"}
{"level":"info","message":"server has started on port: 5000","timestamp":"2022-05-30T14:38:38.373Z"}
{"level":"info","message":"server has started on port: 5000","timestamp":"2022-05-30T14:41:53.873Z"}
{"level":"info","message":"server has started on port: 5000","timestamp":"2022-05-30T14:45:31.505Z"}
{"level":"info","message":"server has started on port: 5000","timestamp":"2022-05-30T14:48:11.675Z"}
{"level":"info","message":"server has started on port: 5000","timestamp":"2022-05-30T14:49:11.876Z"}
{"level":"info","message":"server has started on port: 5000","timestamp":"2022-05-30T14:53:56.856Z"}
{"level":"info","message":"server has started on port: 5000","timestamp":"2022-05-30T14:57:12.281Z"}
{"level":"info","message":"server has started on port: 5000","timestamp":"2022-05-30T15:00:28.298Z"}
{"level":"info","message":"server has started on port: 5000","timestamp":"2022-05-30T15:02:16.294Z"}
{"level":"info","message":"server has started on port: 5000","timestamp":"2022-05-30T15:15:05.040Z"}
{"level":"info","message":"server has started on port: 5000","timestamp":"2022-05-30T15:18:24.196Z"}
{"level":"info","message":"server has started on port: 5000","timestamp":"2022-05-30T15:25:40.588Z"}
{"level":"info","message":"server has started on port: 5000","timestamp":"2022-05-30T15:26:48.974Z"}
{"level":"info","message":"server has started on port: 5000","timestamp":"2022-05-30T16:22:47.602Z"}
{"level":"info","message":"server has started on port: 5000","timestamp":"2022-05-30T16:27:44.395Z"}
{"level":"info","message":"server has started on port: 5000","timestamp":"2022-05-30T17:01:55.864Z"}
{"level":"info","message":"server has started on port: 5000","timestamp":"2022-05-31T05:19:18.513Z"}
{"level":"info","message":"server has started on port: 5000","timestamp":"2022-05-31T05:41:10.236Z"}
{"level":"info","message":"server has started on port: 5000","timestamp":"2022-05-31T06:02:16.157Z"}
{"level":"info","message":"server has started on port: 5000","timestamp":"2022-05-31T06:45:04.974Z"}
{"level":"info","message":"server has started on port: 5000","timestamp":"2022-05-31T06:46:46.228Z"}
{"level":"info","message":"server has started on port: 5000","timestamp":"2022-05-31T06:47:27.463Z"}
{"level":"info","message":" {\n  _id: new ObjectId(\"628a36ee5320ad45cfbcbb84\"),\n  name: 'test',\n  email: 'test@gmail.com',\n  password: '$2a$10$hbKVoeMkyhW72p2wuibJLOAoX3xyqCq9uDKe99peYYsClU5GRAJ0K',\n  pic: 'https://icon-library.com/images/anonymous-avatar-icon/anonymous-avatar-icon-25.jpg',\n  createdAt: 2022-05-22T13:13:18.891Z,\n  updatedAt: 2022-05-22T13:13:18.891Z,\n  __v: 0\n} has successfully logged in ","timestamp":"2022-05-31T06:48:03.463Z"}
{"level":"info","message":" {\n  _id: new ObjectId(\"62924517af0615b44fd46c49\"),\n  name: 'Example',\n  email: 'guest@example.com',\n  password: '$2a$10$BhJlpVuMNV8nwl4Dte0tGeVk9hOb/Taq8A9cBulq0qP9rv6s9w0km',\n  pic: 'https://icon-library.com/images/anonymous-avatar-icon/anonymous-avatar-icon-25.jpg',\n  createdAt: 2022-05-28T15:51:51.029Z,\n  updatedAt: 2022-05-28T15:51:51.029Z,\n  __v: 0\n} has successfully logged in ","timestamp":"2022-05-31T06:48:08.051Z"}
{"level":"info","message":"server has started on port: 5000","timestamp":"2022-05-31T06:50:04.877Z"}
{"level":"info","message":"server has started on port: 5000","timestamp":"2022-05-31T06:50:33.177Z"}
{"level":"info","message":"server has started on port: 5000","timestamp":"2022-05-31T06:53:24.511Z"}
{"level":"info","message":"server has started on port: 5000","timestamp":"2022-05-31T06:59:09.470Z"}
{"level":"info","message":"server has started on port: 5000","timestamp":"2022-05-31T07:03:54.346Z"}
{"level":"info","message":"server has started on port: 5000","timestamp":"2022-05-31T07:05:14.561Z"}
{"level":"info","message":"server has started on port: 5000","timestamp":"2022-05-31T07:05:21.335Z"}
{"level":"info","message":"server has started on port: 5000","timestamp":"2022-05-31T07:05:59.057Z"}
{"level":"info","message":"server has started on port: 5000","timestamp":"2022-05-31T07:07:28.998Z"}
{"level":"info","message":"server has started on port: 5000","timestamp":"2022-05-31T07:09:23.823Z"}
{"level":"info","message":"server has started on port: 5000","timestamp":"2022-05-31T07:10:23.728Z"}
{"level":"info","message":"server has started on port: 5000","timestamp":"2022-05-31T07:15:15.373Z"}
{"level":"info","message":"server has started on port: 5000","timestamp":"2022-05-31T07:15:17.552Z"}
{"level":"info","message":"server has started on port: 5000","timestamp":"2022-05-31T07:15:58.521Z"}
{"level":"info","message":"server has started on port: 5000","timestamp":"2022-05-31T07:16:18.559Z"}
{"level":"info","message":"server has started on port: 5000","timestamp":"2022-05-31T07:16:20.941Z"}
{"level":"info","message":"server has started on port: 5000","timestamp":"2022-05-31T07:17:02.052Z"}
{"level":"info","message":"server has started on port: 5000","timestamp":"2022-05-31T07:17:50.438Z"}
{"level":"info","message":"server has started on port: 5000","timestamp":"2022-05-31T07:18:24.847Z"}
{"level":"info","message":"server has started on port: 5000","timestamp":"2022-05-31T07:27:33.425Z"}
{"level":"info","message":"server has started on port: 5000","timestamp":"2022-05-31T07:27:38.943Z"}
{"level":"info","message":"server has started on port: 5000","timestamp":"2022-05-31T07:32:55.252Z"}
{"level":"info","message":"server has started on port: 5000","timestamp":"2022-05-31T07:37:01.722Z"}
{"level":"info","message":"server has started on port: 5000","timestamp":"2022-05-31T07:37:11.122Z"}
{"level":"info","message":"server has started on port: 5000","timestamp":"2022-05-31T07:37:16.231Z"}
{"level":"info","message":"server has started on port: 5000","timestamp":"2022-05-31T10:35:21.224Z"}
{"level":"info","message":"server has started on port: 5000","timestamp":"2022-05-31T10:35:27.456Z"}
{"level":"info","message":"server has started on port: 5000","timestamp":"2022-05-31T10:41:50.636Z"}
{"level":"info","message":"server has started on port: 5000","timestamp":"2022-05-31T10:42:04.205Z"}
{"level":"info","message":"server has started on port: 5000","timestamp":"2022-05-31T10:51:38.328Z"}
{"level":"info","message":"server has started on port: 5000","timestamp":"2022-05-31T10:51:54.770Z"}
{"level":"info","message":"server has started on port: 5000","timestamp":"2022-05-31T10:57:03.011Z"}
{"level":"info","message":"server has started on port: 5000","timestamp":"2022-05-31T10:57:35.349Z"}
{"level":"info","message":"server has started on port: 5000","timestamp":"2022-05-31T11:23:46.414Z"}
{"level":"info","message":"server has started on port: 5000","timestamp":"2022-05-31T11:24:03.160Z"}
{"level":"info","message":"server has started on port: 5000","timestamp":"2022-05-31T11:29:24.206Z"}
{"level":"info","message":"server has started on port: 5000","timestamp":"2022-05-31T11:29:52.425Z"}
{"level":"info","message":"server has started on port: 5000","timestamp":"2022-05-31T11:30:07.125Z"}
{"level":"info","message":"server has started on port: 5000","timestamp":"2022-05-31T11:34:46.991Z"}
{"level":"info","message":"server has started on port: 5000","timestamp":"2022-05-31T11:35:04.391Z"}
{"level":"info","message":"server has started on port: 5000","timestamp":"2022-05-31T11:35:29.775Z"}
{"level":"info","message":"server has started on port: 5000","timestamp":"2022-05-31T11:38:18.060Z"}
{"level":"info","message":"server has started on port: 5000","timestamp":"2022-05-31T11:40:10.027Z"}
{"level":"info","message":"server has started on port: 5000","timestamp":"2022-05-31T11:40:38.129Z"}
{"level":"info","message":"server has started on port: 5000","timestamp":"2022-05-31T11:45:46.704Z"}
{"level":"info","message":"server has started on port: 5000","timestamp":"2022-05-31T11:45:59.416Z"}
{"level":"info","message":"server has started on port: 5000","timestamp":"2022-05-31T11:46:29.171Z"}
{"level":"info","message":"server has started on port: 5000","timestamp":"2022-05-31T11:47:08.119Z"}
{"level":"info","message":"server has started on port: 5000","timestamp":"2022-05-31T11:47:16.150Z"}
{"level":"info","message":"server has started on port: 5000","timestamp":"2022-05-31T11:51:58.080Z"}
{"level":"info","message":"server has started on port: 5000","timestamp":"2022-05-31T11:54:46.011Z"}
{"level":"info","message":"server has started on port: 5000","timestamp":"2022-05-31T11:54:50.996Z"}
{"level":"info","message":"server has started on port: 5000","timestamp":"2022-05-31T11:55:58.558Z"}
{"level":"info","message":"server has started on port: 5000","timestamp":"2022-05-31T11:56:36.602Z"}
{"level":"info","message":"server has started on port: 5000","timestamp":"2022-05-31T12:00:51.280Z"}
{"level":"info","message":"server has started on port: 5000","timestamp":"2022-05-31T12:00:58.336Z"}
{"level":"info","message":"server has started on port: 5000","timestamp":"2022-05-31T12:01:01.341Z"}
{"level":"info","message":"server has started on port: 5000","timestamp":"2022-05-31T12:01:08.447Z"}
{"level":"info","message":"server has started on port: 5000","timestamp":"2022-05-31T12:01:17.303Z"}
{"level":"info","message":"server has started on port: 5000","timestamp":"2022-05-31T12:01:19.256Z"}
{"level":"info","message":"server has started on port: 5000","timestamp":"2022-05-31T12:39:31.740Z"}
{"level":"info","message":"server has started on port: 5000","timestamp":"2022-05-31T12:40:20.877Z"}
{"level":"info","message":"server has started on port: 5000","timestamp":"2022-05-31T12:40:39.307Z"}
{"level":"info","message":"server has started on port: 5000","timestamp":"2022-05-31T12:41:59.523Z"}
{"level":"info","message":"server has started on port: 5000","timestamp":"2022-05-31T12:42:35.249Z"}
{"level":"info","message":"server has started on port: 5000","timestamp":"2022-05-31T12:46:39.351Z"}
{"level":"info","message":"server has started on port: 5000","timestamp":"2022-05-31T12:46:44.244Z"}
{"level":"info","message":"server has started on port: 5000","timestamp":"2022-05-31T12:50:07.840Z"}
{"level":"info","message":"server has started on port: 5000","timestamp":"2022-05-31T13:02:40.543Z"}
{"level":"info","message":"server has started on port: 5000","timestamp":"2022-05-31T13:06:19.396Z"}
{"level":"info","message":"server has started on port: 5000","timestamp":"2022-05-31T13:09:20.430Z"}
{"level":"info","message":"server has started on port: 5000","timestamp":"2022-05-31T13:09:54.796Z"}
{"level":"info","message":"server has started on port: 5000","timestamp":"2022-05-31T13:10:26.844Z"}
